  Game.cpp
C:\Program Files\Microsoft Visual Studio\2022\Community\VC\Tools\MSVC\14.44.35207\include\numbers(11): warning STL4038: The contents of <numbers> are available only with C++20 or later.
C:\Users\askak\source\repos\Geometry-War\Game.cpp(28,47): warning C4244: 'argument': conversion from 'T' to 'float', possible loss of data
C:\Users\askak\source\repos\Geometry-War\Game.cpp(28,47): warning C4244:         with
C:\Users\askak\source\repos\Geometry-War\Game.cpp(28,47): warning C4244:         [
C:\Users\askak\source\repos\Geometry-War\Game.cpp(28,47): warning C4244:             T=unsigned int
C:\Users\askak\source\repos\Geometry-War\Game.cpp(28,47): warning C4244:         ]
C:\Users\askak\source\repos\Geometry-War\Game.cpp(33,51): warning C4244: 'argument': conversion from 'T' to 'float', possible loss of data
C:\Users\askak\source\repos\Geometry-War\Game.cpp(33,51): warning C4244:         with
C:\Users\askak\source\repos\Geometry-War\Game.cpp(33,51): warning C4244:         [
C:\Users\askak\source\repos\Geometry-War\Game.cpp(33,51): warning C4244:             T=unsigned int
C:\Users\askak\source\repos\Geometry-War\Game.cpp(33,51): warning C4244:         ]
C:\Users\askak\source\repos\Geometry-War\Game.cpp(34,51): warning C4244: 'argument': conversion from 'T' to 'float', possible loss of data
C:\Users\askak\source\repos\Geometry-War\Game.cpp(34,51): warning C4244:         with
C:\Users\askak\source\repos\Geometry-War\Game.cpp(34,51): warning C4244:         [
C:\Users\askak\source\repos\Geometry-War\Game.cpp(34,51): warning C4244:             T=unsigned int
C:\Users\askak\source\repos\Geometry-War\Game.cpp(34,51): warning C4244:         ]
C:\Users\askak\source\repos\Geometry-War\Game.cpp(287,25): warning C4244: '=': conversion from '__int64' to 'int', possible loss of data
C:\Users\askak\source\repos\Geometry-War\Game.cpp(337,51): warning C4267: '-=': conversion from 'size_t' to 'int', possible loss of data
C:\Users\askak\source\repos\Geometry-War\Game.cpp(406,31): warning C4244: '=': conversion from '__int64' to 'int', possible loss of data
  Generating code
  Previous IPDB and IOBJ mismatch, fall back to full compilation.
  All 573 functions were compiled because no usable IPDB/IOBJ from previous compilation was found.
  Finished generating code
  Geometry-War.vcxproj -> C:\Users\askak\source\repos\Geometry-War\x64\Release\Geometry-War.exe
